<?xml version="1.0" encoding="UTF-8"?>
<testExecutions version="1">
  <file path="/home/antonino/SoftEng2/Solidarity-Purchasing-Group/server/__tests__/app.test.js">
    <testCase name="Test the root path It should respond to the GET method" duration="52"/>
    <testCase name="Test the get products api It should respond to the GET method" duration="13"/>
    <testCase name="Test the login APIs It should respond to the POST method" duration="161"/>
    <testCase name="Test the login APIs The POST method should fail" duration="117"/>
    <testCase name="Test the login APIs It should respond to the DELETE method" duration="5"/>
  </file>
  <file path="/home/antonino/SoftEng2/Solidarity-Purchasing-Group/server/src/__tests__/app.test.js">
    <testCase name="Test the get products api It should respond to the GET method" duration="60"/>
    <testCase name="Test the get virtual time clock It should respond to the GET method" duration="12"/>
    <testCase name="Test the get virtual time clock It should respond to the PUT method" duration="44"/>
    <testCase name="Test the get virtual time clock It should fail to the PUT method" duration="27"/>
    <testCase name="Test the clients topup api It should respond to the GET method" duration="25"/>
    <testCase name="Test the clients topup api It should respond to the PUT method" duration="10"/>
    <testCase name="Test the clients topup api it should fail to the PUT methoh (low amount)" duration="8"/>
    <testCase name="Test the clients topup api it should fail to the PUT methoh (missing parameter)" duration="9"/>
    <testCase name="Test the get customers api It should respond to the GET method" duration="16"/>
    <testCase name="TEST POST order  responds with json" duration="126"/>
    <testCase name="Test the login APIs It should respond to the POST method" duration="99"/>
    <testCase name="Test the login APIs The POST method should fail" duration="92"/>
    <testCase name="Test the login APIs The GET method should fail" duration="5"/>
    <testCase name="Test the login APIs It should respond to the DELETE method" duration="5"/>
    <testCase name="Test the login APIs (test) Create new user: it should respond to the POST method" duration="115"/>
  </file>
</testExecutions>